
Executing(%prep): /bin/sh -e /var/tmp/rpm-tmp.A4pr5C
Executing(%build): /bin/sh -e /var/tmp/rpm-tmp.kQjRGz
/usr/lib64/qt5/bin/uic src/ui/mainwindow.ui -o build/ui_mainwindow.h
/usr/lib64/qt5/bin/uic src/ui/preferencesdialog.ui -o build/ui_preferencesdialog.h
g++ -c -pipe -O2 -Wall -W -D_REENTRANT -fPIC -DQT_DEPRECATED_WARNINGS -DQT_DISABLE_DEPRECATED_BEFORE=0x060000 -DDATADIR=\"/usr/share/getit\" -DQT_NO_DEBUG -DQT_WIDGETS_LIB -DQT_GUI_LIB -DQT_CORE_LIB -I. -isystem /usr/include/qt5 -isystem /usr/include/qt5/QtWidgets -isystem /usr/include/qt5/QtGui -isystem /usr/include/qt5/QtCore -Ibuild -isystem /usr/include/libdrm -Ibuild -I/usr/lib64/qt5/mkspecs/linux-g++ -o build/main.o src/main.cpp
g++ -c -pipe -O2 -Wall -W -D_REENTRANT -fPIC -DQT_DEPRECATED_WARNINGS -DQT_DISABLE_DEPRECATED_BEFORE=0x060000 -DDATADIR=\"/usr/share/getit\" -DQT_NO_DEBUG -DQT_WIDGETS_LIB -DQT_GUI_LIB -DQT_CORE_LIB -I. -isystem /usr/include/qt5 -isystem /usr/include/qt5/QtWidgets -isystem /usr/include/qt5/QtGui -isystem /usr/include/qt5/QtCore -Ibuild -isystem /usr/include/libdrm -Ibuild -I/usr/lib64/qt5/mkspecs/linux-g++ -o build/listitemfile.o src/listitemfile.cpp
g++ -c -pipe -O2 -Wall -W -D_REENTRANT -fPIC -DQT_DEPRECATED_WARNINGS -DQT_DISABLE_DEPRECATED_BEFORE=0x060000 -DDATADIR=\"/usr/share/getit\" -DQT_NO_DEBUG -DQT_WIDGETS_LIB -DQT_GUI_LIB -DQT_CORE_LIB -I. -isystem /usr/include/qt5 -isystem /usr/include/qt5/QtWidgets -isystem /usr/include/qt5/QtGui -isystem /usr/include/qt5/QtCore -Ibuild -isystem /usr/include/libdrm -Ibuild -I/usr/lib64/qt5/mkspecs/linux-g++ -o build/preferences.o src/preferences.cpp
/usr/lib64/qt5/bin/rcc -name resources resources.qrc -o build/qrc_resources.cpp
g++ -pipe -O2 -Wall -W -dM -E -o build/moc_predefs.h /usr/lib64/qt5/mkspecs/features/data/dummy.cpp
g++ -c -pipe -O2 -Wall -W -D_REENTRANT -fPIC -DQT_DEPRECATED_WARNINGS -DQT_DISABLE_DEPRECATED_BEFORE=0x060000 -DDATADIR=\"/usr/share/getit\" -DQT_NO_DEBUG -DQT_WIDGETS_LIB -DQT_GUI_LIB -DQT_CORE_LIB -I. -isystem /usr/include/qt5 -isystem /usr/include/qt5/QtWidgets -isystem /usr/include/qt5/QtGui -isystem /usr/include/qt5/QtCore -Ibuild -isystem /usr/include/libdrm -Ibuild -I/usr/lib64/qt5/mkspecs/linux-g++ -o build/mainwindow.o src/mainwindow.cpp
g++ -c -pipe -O2 -Wall -W -D_REENTRANT -fPIC -DQT_DEPRECATED_WARNINGS -DQT_DISABLE_DEPRECATED_BEFORE=0x060000 -DDATADIR=\"/usr/share/getit\" -DQT_NO_DEBUG -DQT_WIDGETS_LIB -DQT_GUI_LIB -DQT_CORE_LIB -I. -isystem /usr/include/qt5 -isystem /usr/include/qt5/QtWidgets -isystem /usr/include/qt5/QtGui -isystem /usr/include/qt5/QtCore -Ibuild -isystem /usr/include/libdrm -Ibuild -I/usr/lib64/qt5/mkspecs/linux-g++ -o build/preferencesdialog.o src/preferencesdialog.cpp
g++ -c -pipe -O2 -Wall -W -D_REENTRANT -fPIC -DQT_DEPRECATED_WARNINGS -DQT_DISABLE_DEPRECATED_BEFORE=0x060000 -DDATADIR=\"/usr/share/getit\" -DQT_NO_DEBUG -DQT_WIDGETS_LIB -DQT_GUI_LIB -DQT_CORE_LIB -I. -isystem /usr/include/qt5 -isystem /usr/include/qt5/QtWidgets -isystem /usr/include/qt5/QtGui -isystem /usr/include/qt5/QtCore -Ibuild -isystem /usr/include/libdrm -Ibuild -I/usr/lib64/qt5/mkspecs/linux-g++ -o build/qrc_resources.o build/qrc_resources.cpp
/usr/lib64/qt5/bin/moc -DQT_DEPRECATED_WARNINGS -DQT_DISABLE_DEPRECATED_BEFORE=0x060000 -DDATADIR=\"/usr/share/getit\" -DQT_NO_DEBUG -DQT_WIDGETS_LIB -DQT_GUI_LIB -DQT_CORE_LIB --include build/moc_predefs.h -I/usr/lib64/qt5/mkspecs/linux-g++ -I/home/bkessels/Git-projects/Linux/Gtk/simpleconvert/data/packaging/RPM/simpleconvert-3.0 -I/usr/include/qt5 -I/usr/include/qt5/QtWidgets -I/usr/include/qt5/QtGui -I/usr/include/qt5/QtCore -I/usr/include/c++/8 -I/usr/include/c++/8/x86_64-redhat-linux -I/usr/include/c++/8/backward -I/usr/lib/gcc/x86_64-redhat-linux/8/include -I/usr/local/include -I/usr/include src/mainwindow.h -o build/moc_mainwindow.cpp
/usr/lib64/qt5/bin/moc -DQT_DEPRECATED_WARNINGS -DQT_DISABLE_DEPRECATED_BEFORE=0x060000 -DDATADIR=\"/usr/share/getit\" -DQT_NO_DEBUG -DQT_WIDGETS_LIB -DQT_GUI_LIB -DQT_CORE_LIB --include build/moc_predefs.h -I/usr/lib64/qt5/mkspecs/linux-g++ -I/home/bkessels/Git-projects/Linux/Gtk/simpleconvert/data/packaging/RPM/simpleconvert-3.0 -I/usr/include/qt5 -I/usr/include/qt5/QtWidgets -I/usr/include/qt5/QtGui -I/usr/include/qt5/QtCore -I/usr/include/c++/8 -I/usr/include/c++/8/x86_64-redhat-linux -I/usr/include/c++/8/backward -I/usr/lib/gcc/x86_64-redhat-linux/8/include -I/usr/local/include -I/usr/include src/preferencesdialog.h -o build/moc_preferencesdialog.cpp
g++ -c -pipe -O2 -Wall -W -D_REENTRANT -fPIC -DQT_DEPRECATED_WARNINGS -DQT_DISABLE_DEPRECATED_BEFORE=0x060000 -DDATADIR=\"/usr/share/getit\" -DQT_NO_DEBUG -DQT_WIDGETS_LIB -DQT_GUI_LIB -DQT_CORE_LIB -I. -isystem /usr/include/qt5 -isystem /usr/include/qt5/QtWidgets -isystem /usr/include/qt5/QtGui -isystem /usr/include/qt5/QtCore -Ibuild -isystem /usr/include/libdrm -Ibuild -I/usr/lib64/qt5/mkspecs/linux-g++ -o build/moc_mainwindow.o build/moc_mainwindow.cpp
g++ -c -pipe -O2 -Wall -W -D_REENTRANT -fPIC -DQT_DEPRECATED_WARNINGS -DQT_DISABLE_DEPRECATED_BEFORE=0x060000 -DDATADIR=\"/usr/share/getit\" -DQT_NO_DEBUG -DQT_WIDGETS_LIB -DQT_GUI_LIB -DQT_CORE_LIB -I. -isystem /usr/include/qt5 -isystem /usr/include/qt5/QtWidgets -isystem /usr/include/qt5/QtGui -isystem /usr/include/qt5/QtCore -Ibuild -isystem /usr/include/libdrm -Ibuild -I/usr/lib64/qt5/mkspecs/linux-g++ -o build/moc_preferencesdialog.o build/moc_preferencesdialog.cpp
g++ -Wl,-O1 -o bin/SimpleConvert build/main.o build/mainwindow.o build/listitemfile.o build/preferencesdialog.o build/preferences.o build/qrc_resources.o build/moc_mainwindow.o build/moc_preferencesdialog.o   -lQt5Widgets -lQt5Gui -lQt5Core -lGL -lpthread 
Executing(%install): /bin/sh -e /var/tmp/rpm-tmp.P3M28R
/usr/bin/qmake-qt5 -install qinstall -exe bin/SimpleConvert /home/bkessels/rpmbuild/BUILDROOT/simpleconvert-3.0-1.fc28.x86_64/usr/bin/SimpleConvert
strip /home/bkessels/rpmbuild/BUILDROOT/simpleconvert-3.0-1.fc28.x86_64/usr/bin/SimpleConvert
/usr/bin/qmake-qt5 -install qinstall /home/bkessels/Git-projects/Linux/Gtk/simpleconvert/data/packaging/RPM/simpleconvert-3.0/resources/linux/icons/128x128 /home/bkessels/rpmbuild/BUILDROOT/simpleconvert-3.0-1.fc28.x86_64/usr/share/icons/hicolor/128x128
/usr/bin/qmake-qt5 -install qinstall /home/bkessels/Git-projects/Linux/Gtk/simpleconvert/data/packaging/RPM/simpleconvert-3.0/resources/linux/icons/16x16 /home/bkessels/rpmbuild/BUILDROOT/simpleconvert-3.0-1.fc28.x86_64/usr/share/icons/hicolor/16x16
/usr/bin/qmake-qt5 -install qinstall /home/bkessels/Git-projects/Linux/Gtk/simpleconvert/data/packaging/RPM/simpleconvert-3.0/resources/linux/icons/22x22 /home/bkessels/rpmbuild/BUILDROOT/simpleconvert-3.0-1.fc28.x86_64/usr/share/icons/hicolor/22x22
/usr/bin/qmake-qt5 -install qinstall /home/bkessels/Git-projects/Linux/Gtk/simpleconvert/data/packaging/RPM/simpleconvert-3.0/resources/linux/icons/24x24 /home/bkessels/rpmbuild/BUILDROOT/simpleconvert-3.0-1.fc28.x86_64/usr/share/icons/hicolor/24x24
/usr/bin/qmake-qt5 -install qinstall /home/bkessels/Git-projects/Linux/Gtk/simpleconvert/data/packaging/RPM/simpleconvert-3.0/resources/linux/icons/256x256 /home/bkessels/rpmbuild/BUILDROOT/simpleconvert-3.0-1.fc28.x86_64/usr/share/icons/hicolor/256x256
/usr/bin/qmake-qt5 -install qinstall /home/bkessels/Git-projects/Linux/Gtk/simpleconvert/data/packaging/RPM/simpleconvert-3.0/resources/linux/icons/32x32 /home/bkessels/rpmbuild/BUILDROOT/simpleconvert-3.0-1.fc28.x86_64/usr/share/icons/hicolor/32x32
/usr/bin/qmake-qt5 -install qinstall /home/bkessels/Git-projects/Linux/Gtk/simpleconvert/data/packaging/RPM/simpleconvert-3.0/resources/linux/icons/48x48 /home/bkessels/rpmbuild/BUILDROOT/simpleconvert-3.0-1.fc28.x86_64/usr/share/icons/hicolor/48x48
/usr/bin/qmake-qt5 -install qinstall /home/bkessels/Git-projects/Linux/Gtk/simpleconvert/data/packaging/RPM/simpleconvert-3.0/resources/linux/icons/64x64 /home/bkessels/rpmbuild/BUILDROOT/simpleconvert-3.0-1.fc28.x86_64/usr/share/icons/hicolor/64x64
/usr/bin/qmake-qt5 -install qinstall /home/bkessels/Git-projects/Linux/Gtk/simpleconvert/data/packaging/RPM/simpleconvert-3.0/resources/linux/icons/scalable /home/bkessels/rpmbuild/BUILDROOT/simpleconvert-3.0-1.fc28.x86_64/usr/share/icons/hicolor/scalable
/usr/bin/qmake-qt5 -install qinstall /home/bkessels/Git-projects/Linux/Gtk/simpleconvert/data/packaging/RPM/simpleconvert-3.0/resources/linux/net.bartkessels.simpleconvert.desktop /home/bkessels/rpmbuild/BUILDROOT/simpleconvert-3.0-1.fc28.x86_64/usr/share/applications/net.bartkessels.simpleconvert.desktop
/usr/bin/qmake-qt5 -install qinstall /home/bkessels/Git-projects/Linux/Gtk/simpleconvert/data/packaging/RPM/simpleconvert-3.0/resources/linux/net.bartkessels.simpleconvert.appdata.xml /home/bkessels/rpmbuild/BUILDROOT/simpleconvert-3.0-1.fc28.x86_64/usr/share/appdata/net.bartkessels.simpleconvert.appdata.xml
Processing files: simpleconvert-3.0-1.fc28.x86_64


RPM build errors:
